# JRE version: Java(TM) SE Runtime Environment (8.0_261-b12) (build 1.8.0_261-b12)
# Java VM: Java HotSpot(TM) 64-Bit Server VM (25.261-b12 mixed mode windows-amd64 compressed oops)
Heap:
 PSYoungGen      total 204800K, used 149192K [0x000000076b900000, 0x000000077e700000, 0x00000007c0000000)
  eden space 182272K, 69% used [0x000000076b900000,0x00000007734df618,0x0000000776b00000)
  from space 22528K, 99% used [0x000000077d100000,0x000000077e6d2a68,0x000000077e700000)
  to   space 28672K, 0% used [0x000000077af00000,0x000000077af00000,0x000000077cb00000)
 ParOldGen       total 152576K, used 35689K [0x00000006c2a00000, 0x00000006cbf00000, 0x000000076b900000)
  object space 152576K, 23% used [0x00000006c2a00000,0x00000006c4cda698,0x00000006cbf00000)
 Metaspace       used 30772K, capacity 31616K, committed 31920K, reserved 1077248K
  class space    used 3655K, capacity 3912K, committed 4016K, reserved 1048576K
GC Heap History (10 events):
Event: 3.844 GC heap before
{Heap before GC invocations=3 (full 0):
 PSYoungGen      total 75776K, used 75774K [0x000000076b900000, 0x0000000770d80000, 0x00000007c0000000)
  eden space 65024K, 100% used [0x000000076b900000,0x000000076f880000,0x000000076f880000)
  from space 10752K, 99% used [0x0000000770300000,0x0000000770d7fab0,0x0000000770d80000)
  to   space 10752K, 0% used [0x000000076f880000,0x000000076f880000,0x0000000770300000)
 ParOldGen       total 173568K, used 328K [0x00000006c2a00000, 0x00000006cd380000, 0x000000076b900000)
  object space 173568K, 0% used [0x00000006c2a00000,0x00000006c2a52248,0x00000006cd380000)
 Metaspace       used 15878K, capacity 16222K, committed 16384K, reserved 1062912K
  class space    used 1895K, capacity 2014K, committed 2048K, reserved 1048576K
Event: 3.933 GC heap after
Heap after GC invocations=3 (full 0):
 PSYoungGen      total 75776K, used 10728K [0x000000076b900000, 0x0000000774d00000, 0x00000007c0000000)
  eden space 65024K, 0% used [0x000000076b900000,0x000000076b900000,0x000000076f880000)
  from space 10752K, 99% used [0x000000076f880000,0x00000007702fa040,0x0000000770300000)
  to   space 10752K, 0% used [0x0000000774280000,0x0000000774280000,0x0000000774d00000)
 ParOldGen       total 173568K, used 4887K [0x00000006c2a00000, 0x00000006cd380000, 0x000000076b900000)
  object space 173568K, 2% used [0x00000006c2a00000,0x00000006c2ec5f98,0x00000006cd380000)
 Metaspace       used 15878K, capacity 16222K, committed 16384K, reserved 1062912K
  class space    used 1895K, capacity 2014K, committed 2048K, reserved 1048576K
}
Event: 6.177 GC heap before
{Heap before GC invocations=4 (full 0):
 PSYoungGen      total 75776K, used 75752K [0x000000076b900000, 0x0000000774d00000, 0x00000007c0000000)
  eden space 65024K, 100% used [0x000000076b900000,0x000000076f880000,0x000000076f880000)
  from space 10752K, 99% used [0x000000076f880000,0x00000007702fa040,0x0000000770300000)
  to   space 10752K, 0% used [0x0000000774280000,0x0000000774280000,0x0000000774d00000)
 ParOldGen       total 173568K, used 4887K [0x00000006c2a00000, 0x00000006cd380000, 0x000000076b900000)
  object space 173568K, 2% used [0x00000006c2a00000,0x00000006c2ec5f98,0x00000006cd380000)
 Metaspace       used 16197K, capacity 16584K, committed 16896K, reserved 1064960K
  class space    used 1902K, capacity 2021K, committed 2048K, reserved 1048576K
Event: 6.187 GC heap after
Heap after GC invocations=4 (full 0):
 PSYoungGen      total 140800K, used 10728K [0x000000076b900000, 0x0000000774d00000, 0x00000007c0000000)
  eden space 130048K, 0% used [0x000000076b900000,0x000000076b900000,0x0000000773800000)
  from space 10752K, 99% used [0x0000000774280000,0x0000000774cfa040,0x0000000774d00000)
  to   space 10752K, 0% used [0x0000000773800000,0x0000000773800000,0x0000000774280000)
 ParOldGen       total 173568K, used 10974K [0x00000006c2a00000, 0x00000006cd380000, 0x000000076b900000)
  object space 173568K, 6% used [0x00000006c2a00000,0x00000006c34b79a0,0x00000006cd380000)
 Metaspace       used 16197K, capacity 16584K, committed 16896K, reserved 1064960K
  class space    used 1902K, capacity 2021K, committed 2048K, reserved 1048576K
}
Event: 7.925 GC heap before
{Heap before GC invocations=5 (full 0):
 PSYoungGen      total 140800K, used 127253K [0x000000076b900000, 0x0000000774d00000, 0x00000007c0000000)
  eden space 130048K, 89% used [0x000000076b900000,0x0000000772acb5d0,0x0000000773800000)
  from space 10752K, 99% used [0x0000000774280000,0x0000000774cfa040,0x0000000774d00000)
  to   space 10752K, 0% used [0x0000000773800000,0x0000000773800000,0x0000000774280000)
 ParOldGen       total 173568K, used 10974K [0x00000006c2a00000, 0x00000006cd380000, 0x000000076b900000)
  object space 173568K, 6% used [0x00000006c2a00000,0x00000006c34b79a0,0x00000006cd380000)
 Metaspace       used 20757K, capacity 21178K, committed 21296K, reserved 1069056K
  class space    used 2443K, capacity 2586K, committed 2608K, reserved 1048576K
Event: 7.957 GC heap after
Heap after GC invocations=5 (full 0):
 PSYoungGen      total 140800K, used 10728K [0x000000076b900000, 0x000000077eb00000, 0x00000007c0000000)
  eden space 130048K, 0% used [0x000000076b900000,0x000000076b900000,0x0000000773800000)
  from space 10752K, 99% used [0x0000000773800000,0x000000077427a050,0x0000000774280000)
  to   space 26624K, 0% used [0x000000077d100000,0x000000077d100000,0x000000077eb00000)
 ParOldGen       total 173568K, used 26352K [0x00000006c2a00000, 0x00000006cd380000, 0x000000076b900000)
  object space 173568K, 15% used [0x00000006c2a00000,0x00000006c43bc210,0x00000006cd380000)
 Metaspace       used 20757K, capacity 21178K, committed 21296K, reserved 1069056K
  class space    used 2443K, capacity 2586K, committed 2608K, reserved 1048576K
}
Event: 7.957 GC heap before
{Heap before GC invocations=6 (full 1):
 PSYoungGen      total 140800K, used 10728K [0x000000076b900000, 0x000000077eb00000, 0x00000007c0000000)
  eden space 130048K, 0% used [0x000000076b900000,0x000000076b900000,0x0000000773800000)
  from space 10752K, 99% used [0x0000000773800000,0x000000077427a050,0x0000000774280000)
  to   space 26624K, 0% used [0x000000077d100000,0x000000077d100000,0x000000077eb00000)
 ParOldGen       total 173568K, used 26352K [0x00000006c2a00000, 0x00000006cd380000, 0x000000076b900000)
  object space 173568K, 15% used [0x00000006c2a00000,0x00000006c43bc210,0x00000006cd380000)
 Metaspace       used 20757K, capacity 21178K, committed 21296K, reserved 1069056K
  class space    used 2443K, capacity 2586K, committed 2608K, reserved 1048576K
Event: 8.157 GC heap after
Heap after GC invocations=6 (full 1):
 PSYoungGen      total 140800K, used 0K [0x000000076b900000, 0x000000077eb00000, 0x00000007c0000000)
  eden space 130048K, 0% used [0x000000076b900000,0x000000076b900000,0x0000000773800000)
  from space 10752K, 0% used [0x0000000773800000,0x0000000773800000,0x0000000774280000)
  to   space 26624K, 0% used [0x000000077d100000,0x000000077d100000,0x000000077eb00000)
 ParOldGen       total 152576K, used 35681K [0x00000006c2a00000, 0x00000006cbf00000, 0x000000076b900000)
  object space 152576K, 23% used [0x00000006c2a00000,0x00000006c4cd8698,0x00000006cbf00000)
 Metaspace       used 20757K, capacity 21178K, committed 21296K, reserved 1069056K
  class space    used 2443K, capacity 2586K, committed 2608K, reserved 1048576K
}
Event: 12.108 GC heap before
{Heap before GC invocations=7 (full 1):
 PSYoungGen      total 140800K, used 130048K [0x000000076b900000, 0x000000077eb00000, 0x00000007c0000000)
  eden space 130048K, 100% used [0x000000076b900000,0x0000000773800000,0x0000000773800000)
  from space 10752K, 0% used [0x0000000773800000,0x0000000773800000,0x0000000774280000)
  to   space 26624K, 0% used [0x000000077d100000,0x000000077d100000,0x000000077eb00000)
 ParOldGen       total 152576K, used 35681K [0x00000006c2a00000, 0x00000006cbf00000, 0x000000076b900000)
  object space 152576K, 23% used [0x00000006c2a00000,0x00000006c4cd8698,0x00000006cbf00000)
 Metaspace       used 29023K, capacity 29748K, committed 30128K, reserved 1075200K
  class space    used 3462K, capacity 3673K, committed 3760K, reserved 1048576K
Event: 12.131 GC heap after
Heap after GC invocations=7 (full 1):
 PSYoungGen      total 204800K, used 22346K [0x000000076b900000, 0x000000077e700000, 0x00000007c0000000)
  eden space 182272K, 0% used [0x000000076b900000,0x000000076b900000,0x0000000776b00000)
  from space 22528K, 99% used [0x000000077d100000,0x000000077e6d2a68,0x000000077e700000)
  to   space 28672K, 0% used [0x000000077af00000,0x000000077af00000,0x000000077cb00000)
 ParOldGen       total 152576K, used 35689K [0x00000006c2a00000, 0x00000006cbf00000, 0x000000076b900000)
  object space 152576K, 23% used [0x00000006c2a00000,0x00000006c4cda698,0x00000006cbf00000)
 Metaspace       used 29023K, capacity 29748K, committed 30128K, reserved 1075200K
  class space    used 3462K, capacity 3673K, committed 3760K, reserved 1048576K
}

