# JRE version: Java(TM) SE Runtime Environment (8.0_261-b12) (build 1.8.0_261-b12)
# Java VM: Java HotSpot(TM) 64-Bit Server VM (25.261-b12 mixed mode windows-amd64 compressed oops)
Heap:
 PSYoungGen      total 140800K, used 85835K [0x000000076b900000, 0x000000077e500000, 0x00000007c0000000)
  eden space 130048K, 57% used [0x000000076b900000,0x0000000770254c30,0x0000000773800000)
  from space 10752K, 99% used [0x0000000773800000,0x000000077427e050,0x0000000774280000)
  to   space 23552K, 0% used [0x000000077ce00000,0x000000077ce00000,0x000000077e500000)
 ParOldGen       total 173568K, used 21825K [0x00000006c2a00000, 0x00000006cd380000, 0x000000076b900000)
  object space 173568K, 12% used [0x00000006c2a00000,0x00000006c3f504d0,0x00000006cd380000)
 Metaspace       used 19160K, capacity 19906K, committed 20096K, reserved 1067008K
  class space    used 2203K, capacity 2419K, committed 2432K, reserved 1048576K
GC Heap History (10 events):
Event: 1.403 GC heap before
{Heap before GC invocations=1 (full 0):
 PSYoungGen      total 75776K, used 65024K [0x000000076b900000, 0x0000000770d80000, 0x00000007c0000000)
  eden space 65024K, 100% used [0x000000076b900000,0x000000076f880000,0x000000076f880000)
  from space 10752K, 0% used [0x0000000770300000,0x0000000770300000,0x0000000770d80000)
  to   space 10752K, 0% used [0x000000076f880000,0x000000076f880000,0x0000000770300000)
 ParOldGen       total 173568K, used 0K [0x00000006c2a00000, 0x00000006cd380000, 0x000000076b900000)
  object space 173568K, 0% used [0x00000006c2a00000,0x00000006c2a00000,0x00000006cd380000)
 Metaspace       used 11564K, capacity 11796K, committed 12032K, reserved 1060864K
  class space    used 1408K, capacity 1481K, committed 1536K, reserved 1048576K
Event: 1.409 GC heap after
Heap after GC invocations=1 (full 0):
 PSYoungGen      total 75776K, used 9585K [0x000000076b900000, 0x0000000770d80000, 0x00000007c0000000)
  eden space 65024K, 0% used [0x000000076b900000,0x000000076b900000,0x000000076f880000)
  from space 10752K, 89% used [0x000000076f880000,0x00000007701dc7f0,0x0000000770300000)
  to   space 10752K, 0% used [0x0000000770300000,0x0000000770300000,0x0000000770d80000)
 ParOldGen       total 173568K, used 16K [0x00000006c2a00000, 0x00000006cd380000, 0x000000076b900000)
  object space 173568K, 0% used [0x00000006c2a00000,0x00000006c2a04000,0x00000006cd380000)
 Metaspace       used 11564K, capacity 11796K, committed 12032K, reserved 1060864K
  class space    used 1408K, capacity 1481K, committed 1536K, reserved 1048576K
}
Event: 2.126 GC heap before
{Heap before GC invocations=2 (full 0):
 PSYoungGen      total 75776K, used 74609K [0x000000076b900000, 0x0000000770d80000, 0x00000007c0000000)
  eden space 65024K, 100% used [0x000000076b900000,0x000000076f880000,0x000000076f880000)
  from space 10752K, 89% used [0x000000076f880000,0x00000007701dc7f0,0x0000000770300000)
  to   space 10752K, 0% used [0x0000000770300000,0x0000000770300000,0x0000000770d80000)
 ParOldGen       total 173568K, used 16K [0x00000006c2a00000, 0x00000006cd380000, 0x000000076b900000)
  object space 173568K, 0% used [0x00000006c2a00000,0x00000006c2a04000,0x00000006cd380000)
 Metaspace       used 15209K, capacity 15496K, committed 15872K, reserved 1062912K
  class space    used 1847K, capacity 1947K, committed 2048K, reserved 1048576K
Event: 2.134 GC heap after
Heap after GC invocations=2 (full 0):
 PSYoungGen      total 75776K, used 10738K [0x000000076b900000, 0x0000000770d80000, 0x00000007c0000000)
  eden space 65024K, 0% used [0x000000076b900000,0x000000076b900000,0x000000076f880000)
  from space 10752K, 99% used [0x0000000770300000,0x0000000770d7c998,0x0000000770d80000)
  to   space 10752K, 0% used [0x000000076f880000,0x000000076f880000,0x0000000770300000)
 ParOldGen       total 173568K, used 864K [0x00000006c2a00000, 0x00000006cd380000, 0x000000076b900000)
  object space 173568K, 0% used [0x00000006c2a00000,0x00000006c2ad80d8,0x00000006cd380000)
 Metaspace       used 15209K, capacity 15496K, committed 15872K, reserved 1062912K
  class space    used 1847K, capacity 1947K, committed 2048K, reserved 1048576K
}
Event: 2.735 GC heap before
{Heap before GC invocations=3 (full 0):
 PSYoungGen      total 75776K, used 75762K [0x000000076b900000, 0x0000000770d80000, 0x00000007c0000000)
  eden space 65024K, 100% used [0x000000076b900000,0x000000076f880000,0x000000076f880000)
  from space 10752K, 99% used [0x0000000770300000,0x0000000770d7c998,0x0000000770d80000)
  to   space 10752K, 0% used [0x000000076f880000,0x000000076f880000,0x0000000770300000)
 ParOldGen       total 173568K, used 864K [0x00000006c2a00000, 0x00000006cd380000, 0x000000076b900000)
  object space 173568K, 0% used [0x00000006c2a00000,0x00000006c2ad80d8,0x00000006cd380000)
 Metaspace       used 16546K, capacity 16940K, committed 17280K, reserved 1064960K
  class space    used 1974K, capacity 2085K, committed 2176K, reserved 1048576K
Event: 2.749 GC heap after
Heap after GC invocations=3 (full 0):
 PSYoungGen      total 75776K, used 10728K [0x000000076b900000, 0x0000000774d00000, 0x00000007c0000000)
  eden space 65024K, 0% used [0x000000076b900000,0x000000076b900000,0x000000076f880000)
  from space 10752K, 99% used [0x000000076f880000,0x00000007702fa040,0x0000000770300000)
  to   space 10752K, 0% used [0x0000000774280000,0x0000000774280000,0x0000000774d00000)
 ParOldGen       total 173568K, used 4830K [0x00000006c2a00000, 0x00000006cd380000, 0x000000076b900000)
  object space 173568K, 2% used [0x00000006c2a00000,0x00000006c2eb7ac0,0x00000006cd380000)
 Metaspace       used 16546K, capacity 16940K, committed 17280K, reserved 1064960K
  class space    used 1974K, capacity 2085K, committed 2176K, reserved 1048576K
}
Event: 3.117 GC heap before
{Heap before GC invocations=4 (full 0):
 PSYoungGen      total 75776K, used 75752K [0x000000076b900000, 0x0000000774d00000, 0x00000007c0000000)
  eden space 65024K, 100% used [0x000000076b900000,0x000000076f880000,0x000000076f880000)
  from space 10752K, 99% used [0x000000076f880000,0x00000007702fa040,0x0000000770300000)
  to   space 10752K, 0% used [0x0000000774280000,0x0000000774280000,0x0000000774d00000)
 ParOldGen       total 173568K, used 4830K [0x00000006c2a00000, 0x00000006cd380000, 0x000000076b900000)
  object space 173568K, 2% used [0x00000006c2a00000,0x00000006c2eb7ac0,0x00000006cd380000)
 Metaspace       used 16806K, capacity 17236K, committed 17536K, reserved 1064960K
  class space    used 1979K, capacity 2091K, committed 2176K, reserved 1048576K
Event: 3.129 GC heap after
Heap after GC invocations=4 (full 0):
 PSYoungGen      total 140800K, used 10728K [0x000000076b900000, 0x0000000774d00000, 0x00000007c0000000)
  eden space 130048K, 0% used [0x000000076b900000,0x000000076b900000,0x0000000773800000)
  from space 10752K, 99% used [0x0000000774280000,0x0000000774cfa060,0x0000000774d00000)
  to   space 10752K, 0% used [0x0000000773800000,0x0000000773800000,0x0000000774280000)
 ParOldGen       total 173568K, used 11278K [0x00000006c2a00000, 0x00000006cd380000, 0x000000076b900000)
  object space 173568K, 6% used [0x00000006c2a00000,0x00000006c3503840,0x00000006cd380000)
 Metaspace       used 16806K, capacity 17236K, committed 17536K, reserved 1064960K
  class space    used 1979K, capacity 2091K, committed 2176K, reserved 1048576K
}
Event: 4.039 GC heap before
{Heap before GC invocations=5 (full 0):
 PSYoungGen      total 140800K, used 140776K [0x000000076b900000, 0x0000000774d00000, 0x00000007c0000000)
  eden space 130048K, 100% used [0x000000076b900000,0x0000000773800000,0x0000000773800000)
  from space 10752K, 99% used [0x0000000774280000,0x0000000774cfa060,0x0000000774d00000)
  to   space 10752K, 0% used [0x0000000773800000,0x0000000773800000,0x0000000774280000)
 ParOldGen       total 173568K, used 11278K [0x00000006c2a00000, 0x00000006cd380000, 0x000000076b900000)
  object space 173568K, 6% used [0x00000006c2a00000,0x00000006c3503840,0x00000006cd380000)
 Metaspace       used 17458K, capacity 17956K, committed 18048K, reserved 1064960K
  class space    used 2010K, capacity 2135K, committed 2176K, reserved 1048576K
Event: 4.052 GC heap after
Heap after GC invocations=5 (full 0):
 PSYoungGen      total 140800K, used 10744K [0x000000076b900000, 0x000000077e500000, 0x00000007c0000000)
  eden space 130048K, 0% used [0x000000076b900000,0x000000076b900000,0x0000000773800000)
  from space 10752K, 99% used [0x0000000773800000,0x000000077427e050,0x0000000774280000)
  to   space 23552K, 0% used [0x000000077ce00000,0x000000077ce00000,0x000000077e500000)
 ParOldGen       total 173568K, used 21825K [0x00000006c2a00000, 0x00000006cd380000, 0x000000076b900000)
  object space 173568K, 12% used [0x00000006c2a00000,0x00000006c3f504d0,0x00000006cd380000)
 Metaspace       used 17458K, capacity 17956K, committed 18048K, reserved 1064960K
  class space    used 2010K, capacity 2135K, committed 2176K, reserved 1048576K
}

