# JRE version: Java(TM) SE Runtime Environment (8.0_261-b12) (build 1.8.0_261-b12)
# Java VM: Java HotSpot(TM) 64-Bit Server VM (25.261-b12 mixed mode windows-amd64 compressed oops)
Heap:
 PSYoungGen      total 431616K, used 61387K [0x000000076b900000, 0x0000000788600000, 0x00000007c0000000)
  eden space 401920K, 7% used [0x000000076b900000,0x000000076d83aa90,0x0000000784180000)
  from space 29696K, 99% used [0x0000000786900000,0x00000007885b84c8,0x0000000788600000)
  to   space 34304K, 0% used [0x0000000784300000,0x0000000784300000,0x0000000786480000)
 ParOldGen       total 132096K, used 36366K [0x00000006c2a00000, 0x00000006cab00000, 0x000000076b900000)
  object space 132096K, 27% used [0x00000006c2a00000,0x00000006c4d839d0,0x00000006cab00000)
 Metaspace       used 30294K, capacity 31562K, committed 31872K, reserved 1077248K
  class space    used 3525K, capacity 3869K, committed 3968K, reserved 1048576K
GC Heap History (10 events):
Event: 6.341 GC heap before
{Heap before GC invocations=5 (full 0):
 PSYoungGen      total 140800K, used 140792K [0x000000076b900000, 0x0000000774d00000, 0x00000007c0000000)
  eden space 130048K, 100% used [0x000000076b900000,0x0000000773800000,0x0000000773800000)
  from space 10752K, 99% used [0x0000000774280000,0x0000000774cfe050,0x0000000774d00000)
  to   space 10752K, 0% used [0x0000000773800000,0x0000000773800000,0x0000000774280000)
 ParOldGen       total 173568K, used 11447K [0x00000006c2a00000, 0x00000006cd380000, 0x000000076b900000)
  object space 173568K, 6% used [0x00000006c2a00000,0x00000006c352de58,0x00000006cd380000)
 Metaspace       used 17843K, capacity 18388K, committed 18560K, reserved 1064960K
  class space    used 2043K, capacity 2175K, committed 2176K, reserved 1048576K
Event: 6.358 GC heap after
Heap after GC invocations=5 (full 0):
 PSYoungGen      total 140800K, used 10728K [0x000000076b900000, 0x000000077e600000, 0x00000007c0000000)
  eden space 130048K, 0% used [0x000000076b900000,0x000000076b900000,0x0000000773800000)
  from space 10752K, 99% used [0x0000000773800000,0x000000077427a040,0x0000000774280000)
  to   space 24064K, 0% used [0x000000077ce80000,0x000000077ce80000,0x000000077e600000)
 ParOldGen       total 173568K, used 22379K [0x00000006c2a00000, 0x00000006cd380000, 0x000000076b900000)
  object space 173568K, 12% used [0x00000006c2a00000,0x00000006c3fdae00,0x00000006cd380000)
 Metaspace       used 17843K, capacity 18388K, committed 18560K, reserved 1064960K
  class space    used 2043K, capacity 2175K, committed 2176K, reserved 1048576K
}
Event: 6.548 GC heap before
{Heap before GC invocations=6 (full 0):
 PSYoungGen      total 140800K, used 21289K [0x000000076b900000, 0x000000077e600000, 0x00000007c0000000)
  eden space 130048K, 8% used [0x000000076b900000,0x000000076c350510,0x0000000773800000)
  from space 10752K, 99% used [0x0000000773800000,0x000000077427a040,0x0000000774280000)
  to   space 24064K, 0% used [0x000000077ce80000,0x000000077ce80000,0x000000077e600000)
 ParOldGen       total 173568K, used 22379K [0x00000006c2a00000, 0x00000006cd380000, 0x000000076b900000)
  object space 173568K, 12% used [0x00000006c2a00000,0x00000006c3fdae00,0x00000006cd380000)
 Metaspace       used 20519K, capacity 21132K, committed 21296K, reserved 1069056K
  class space    used 2430K, capacity 2599K, committed 2688K, reserved 1048576K
Event: 6.562 GC heap after
Heap after GC invocations=6 (full 0):
 PSYoungGen      total 283136K, used 11581K [0x000000076b900000, 0x000000077e500000, 0x00000007c0000000)
  eden space 260096K, 0% used [0x000000076b900000,0x000000076b900000,0x000000077b700000)
  from space 23040K, 50% used [0x000000077ce80000,0x000000077d9cf598,0x000000077e500000)
  to   space 23552K, 0% used [0x000000077b700000,0x000000077b700000,0x000000077ce00000)
 ParOldGen       total 173568K, used 22387K [0x00000006c2a00000, 0x00000006cd380000, 0x000000076b900000)
  object space 173568K, 12% used [0x00000006c2a00000,0x00000006c3fdce00,0x00000006cd380000)
 Metaspace       used 20519K, capacity 21132K, committed 21296K, reserved 1069056K
  class space    used 2430K, capacity 2599K, committed 2688K, reserved 1048576K
}
Event: 6.562 GC heap before
{Heap before GC invocations=7 (full 1):
 PSYoungGen      total 283136K, used 11581K [0x000000076b900000, 0x000000077e500000, 0x00000007c0000000)
  eden space 260096K, 0% used [0x000000076b900000,0x000000076b900000,0x000000077b700000)
  from space 23040K, 50% used [0x000000077ce80000,0x000000077d9cf598,0x000000077e500000)
  to   space 23552K, 0% used [0x000000077b700000,0x000000077b700000,0x000000077ce00000)
 ParOldGen       total 173568K, used 22387K [0x00000006c2a00000, 0x00000006cd380000, 0x000000076b900000)
  object space 173568K, 12% used [0x00000006c2a00000,0x00000006c3fdce00,0x00000006cd380000)
 Metaspace       used 20519K, capacity 21132K, committed 21296K, reserved 1069056K
  class space    used 2430K, capacity 2599K, committed 2688K, reserved 1048576K
Event: 6.662 GC heap after
Heap after GC invocations=7 (full 1):
 PSYoungGen      total 283136K, used 0K [0x000000076b900000, 0x000000077e500000, 0x00000007c0000000)
  eden space 260096K, 0% used [0x000000076b900000,0x000000076b900000,0x000000077b700000)
  from space 23040K, 0% used [0x000000077ce80000,0x000000077ce80000,0x000000077e500000)
  to   space 23552K, 0% used [0x000000077b700000,0x000000077b700000,0x000000077ce00000)
 ParOldGen       total 132096K, used 30042K [0x00000006c2a00000, 0x00000006cab00000, 0x000000076b900000)
  object space 132096K, 22% used [0x00000006c2a00000,0x00000006c47568c0,0x00000006cab00000)
 Metaspace       used 20519K, capacity 21132K, committed 21296K, reserved 1069056K
  class space    used 2430K, capacity 2599K, committed 2688K, reserved 1048576K
}
Event: 9.818 GC heap before
{Heap before GC invocations=8 (full 1):
 PSYoungGen      total 283136K, used 260096K [0x000000076b900000, 0x000000077e500000, 0x00000007c0000000)
  eden space 260096K, 100% used [0x000000076b900000,0x000000077b700000,0x000000077b700000)
  from space 23040K, 0% used [0x000000077ce80000,0x000000077ce80000,0x000000077e500000)
  to   space 23552K, 0% used [0x000000077b700000,0x000000077b700000,0x000000077ce00000)
 ParOldGen       total 132096K, used 30042K [0x00000006c2a00000, 0x00000006cab00000, 0x000000076b900000)
  object space 132096K, 22% used [0x00000006c2a00000,0x00000006c47568c0,0x00000006cab00000)
 Metaspace       used 26241K, capacity 27142K, committed 27392K, reserved 1073152K
  class space    used 3057K, capacity 3258K, committed 3328K, reserved 1048576K
Event: 9.849 GC heap after
Heap after GC invocations=8 (full 1):
 PSYoungGen      total 283648K, used 23545K [0x000000076b900000, 0x0000000788680000, 0x00000007c0000000)
  eden space 260096K, 0% used [0x000000076b900000,0x000000076b900000,0x000000077b700000)
  from space 23552K, 99% used [0x000000077b700000,0x000000077cdfe5b0,0x000000077ce00000)
  to   space 30208K, 0% used [0x0000000786900000,0x0000000786900000,0x0000000788680000)
 ParOldGen       total 132096K, used 36358K [0x00000006c2a00000, 0x00000006cab00000, 0x000000076b900000)
  object space 132096K, 27% used [0x00000006c2a00000,0x00000006c4d819d0,0x00000006cab00000)
 Metaspace       used 26241K, capacity 27142K, committed 27392K, reserved 1073152K
  class space    used 3057K, capacity 3258K, committed 3328K, reserved 1048576K
}
Event: 12.090 GC heap before
{Heap before GC invocations=9 (full 1):
 PSYoungGen      total 283648K, used 283641K [0x000000076b900000, 0x0000000788680000, 0x00000007c0000000)
  eden space 260096K, 100% used [0x000000076b900000,0x000000077b700000,0x000000077b700000)
  from space 23552K, 99% used [0x000000077b700000,0x000000077cdfe5b0,0x000000077ce00000)
  to   space 30208K, 0% used [0x0000000786900000,0x0000000786900000,0x0000000788680000)
 ParOldGen       total 132096K, used 36358K [0x00000006c2a00000, 0x00000006cab00000, 0x000000076b900000)
  object space 132096K, 27% used [0x00000006c2a00000,0x00000006c4d819d0,0x00000006cab00000)
 Metaspace       used 30062K, capacity 31206K, committed 31488K, reserved 1077248K
  class space    used 3493K, capacity 3793K, committed 3840K, reserved 1048576K
Event: 12.109 GC heap after
Heap after GC invocations=9 (full 1):
 PSYoungGen      total 431616K, used 29409K [0x000000076b900000, 0x0000000788600000, 0x00000007c0000000)
  eden space 401920K, 0% used [0x000000076b900000,0x000000076b900000,0x0000000784180000)
  from space 29696K, 99% used [0x0000000786900000,0x00000007885b84c8,0x0000000788600000)
  to   space 34304K, 0% used [0x0000000784300000,0x0000000784300000,0x0000000786480000)
 ParOldGen       total 132096K, used 36366K [0x00000006c2a00000, 0x00000006cab00000, 0x000000076b900000)
  object space 132096K, 27% used [0x00000006c2a00000,0x00000006c4d839d0,0x00000006cab00000)
 Metaspace       used 30062K, capacity 31206K, committed 31488K, reserved 1077248K
  class space    used 3493K, capacity 3793K, committed 3840K, reserved 1048576K
}

